<?xml version="1.0" encoding="UTF-8"?>
<testsuite errors="0" failures="0" name="Comment on test scenarios" skipped="0" tests="3" time="3.731133">
<testcase classname="Comment on test scenarios" name="Comment on a test scenario successfully" time="0.494217">
  <system-out/>
  <system-err/>
</testcase>
<testcase classname="Comment on test scenarios" name="Comment on a test scenario unsuccessfully" time="1.282330">
  <system-out/>
  <system-err/>
</testcase>
<testcase classname="Comment on test scenarios" name="Delete a comment on a test scenario" time="1.954586">
  <system-out/>
  <system-err/>
</testcase>
  <system-out>
    <![CDATA[]]>
  </system-out>
  <system-err>
    <![CDATA[]]>
  </system-err>
</testsuite>
