<?xml version="1.0" encoding="UTF-8"?>
<testsuite errors="0" failures="0" name="View dashboard" skipped="0" tests="1" time="1.447803">
<testcase classname="View dashboard" name="View all test results" time="1.447803">
  <system-out/>
  <system-err/>
</testcase>
  <system-out>
    <![CDATA[]]>
  </system-out>
  <system-err>
    <![CDATA[]]>
  </system-err>
</testsuite>
