<?xml version="1.0" encoding="UTF-8"?>
<testsuite errors="0" failures="0" name="Delete tests" skipped="0" tests="1" time="1.211925">
<testcase classname="Delete tests" name="Remove test result successfully" time="1.211925">
  <system-out/>
  <system-err/>
</testcase>
  <system-out>
    <![CDATA[]]>
  </system-out>
  <system-err>
    <![CDATA[]]>
  </system-err>
</testsuite>
