<?xml version="1.0" encoding="UTF-8"?>
<testsuite errors="0" failures="0" name="Invite collaborators" skipped="0" tests="1" time="1.300802">
<testcase classname="Invite collaborators" name="Invite collaborator" time="1.300802">
  <system-out/>
  <system-err/>
</testcase>
  <system-out>
    <![CDATA[]]>
  </system-out>
  <system-err>
    <![CDATA[]]>
  </system-err>
</testsuite>
