<?xml version="1.0" encoding="UTF-8"?>
<testsuite errors="0" failures="0" name="View accumulative report of test results" skipped="0" tests="1" time="3.857036">
<testcase classname="View accumulative report of test results" name="View test reports" time="3.857036">
  <system-out/>
  <system-err/>
</testcase>
  <system-out>
    <![CDATA[]]>
  </system-out>
  <system-err>
    <![CDATA[]]>
  </system-err>
</testsuite>
