<?xml version="1.0" encoding="UTF-8"?>
<testsuite errors="0" failures="0" name="Upload tests result via CLI" skipped="0" tests="3" time="3.846026">
<testcase classname="Upload tests result via CLI" name="Generate and remove api token" time="1.222760">
  <system-out/>
  <system-err/>
</testcase>
<testcase classname="Upload tests result via CLI" name="Upload test result with valid api token" time="1.595501">
  <system-out/>
  <system-err/>
</testcase>
<testcase classname="Upload tests result via CLI" name="Upload test result with invalid api token" time="1.027765">
  <system-out/>
  <system-err/>
</testcase>
  <system-out>
    <![CDATA[]]>
  </system-out>
  <system-err>
    <![CDATA[]]>
  </system-err>
</testsuite>
