<?xml version="1.0" encoding="UTF-8"?>
<testsuite errors="0" failures="0" name="Remove project" skipped="0" tests="1" time="0.987419">
<testcase classname="Remove project" name="Remove project successfully" time="0.987419">
  <system-out/>
  <system-err/>
</testcase>
  <system-out>
    <![CDATA[]]>
  </system-out>
  <system-err>
    <![CDATA[]]>
  </system-err>
</testsuite>
